Build started 7/23/2016 3:42:04 PM.
     1>Project "D:\visual studio 2012\Projects\Server\Server\Server.vcxproj" on node 2 (Build target(s)).
     1>ClCompile:
         C:\Program Files (x86)\Microsoft Visual Studio 11.0\VC\bin\CL.exe /c /Iffmpeg/include /ZI /nologo /W3 /WX- /sdl /Od /Oy- /D WIN32 /D _WINDOWS /D _DEBUG /D _UNICODE /D UNICODE /D _AFXDLL /Gm /EHsc /RTC1 /MDd /GS /fp:precise /Zc:wchar_t /Zc:forScope /Yu"stdafx.h" /Fp"Debug\Server.pch" /Fo"Debug\\" /Fd"Debug\vc110.pdb" /Gd /TP /analyze- /errorReport:prompt Server.cpp ServerDlg.cpp Video.cpp VideoServer.cpp VideoView.cpp
         VideoServer.cpp
         Video.cpp
         Generating Code...
         Compiling...
         VideoView.cpp
         ServerDlg.cpp
         Server.cpp
         Generating Code...
       ResourceCompile:
         C:\Program Files (x86)\Windows Kits\8.0\bin\x86\rc.exe /D _DEBUG /D _UNICODE /D UNICODE /D _AFXDLL /l"0x0409" /IDebug\ /nologo /fo"Debug\Server.res" Server.rc 
       Link:
         C:\Program Files (x86)\Microsoft Visual Studio 11.0\VC\bin\link.exe /ERRORREPORT:PROMPT /OUT:"D:\visual studio 2012\Projects\Server\Debug\Server.exe" /INCREMENTAL /NOLOGO vfw32.lib "D:\visual studio 2012\Projects\Server\Server\ffmpeg\avcodec.lib" "D:\visual studio 2012\Projects\Server\Server\ffmpeg\avformat.lib" "D:\visual studio 2012\Projects\Server\Server\ffmpeg\avutil.lib" /MANIFEST /MANIFESTUAC:"level='asInvoker' uiAccess='false'" /manifest:embed /manifestinput:"C:\Program Files (x86)\Microsoft Visual Studio 11.0\VC\Include\Manifest\dpiaware.manifest" /DEBUG /PDB:"D:\visual studio 2012\Projects\Server\Debug\Server.pdb" /SUBSYSTEM:WINDOWS /TLBID:1 /ENTRY:"wWinMainCRTStartup" /DYNAMICBASE /NXCOMPAT /IMPLIB:"D:\visual studio 2012\Projects\Server\Debug\Server.lib" /MACHINE:X86 Debug\Server.res
         Debug\Server.obj
         Debug\ServerDlg.obj
         Debug\stdafx.obj
         Debug\Video.obj
         Debug\VideoServer.obj
         Debug\VideoView.obj
         Server.vcxproj -> D:\visual studio 2012\Projects\Server\Debug\Server.exe
     1>Done Building Project "D:\visual studio 2012\Projects\Server\Server\Server.vcxproj" (Build target(s)).

Build succeeded.

Time Elapsed 00:00:00.59
