D:\VISUAL STUDIO 2012\PROJECTS\SERVER\SERVER\DEBUG\SERVER.PCH
D:\VISUAL STUDIO 2012\PROJECTS\SERVER\SERVER\DEBUG\STDAFX.OBJ
D:\VISUAL STUDIO 2012\PROJECTS\SERVER\SERVER\DEBUG\VC110.PDB
D:\VISUAL STUDIO 2012\PROJECTS\SERVER\SERVER\DEBUG\SERVER.OBJ
D:\VISUAL STUDIO 2012\PROJECTS\SERVER\SERVER\DEBUG\SERVERDLG.OBJ
D:\VISUAL STUDIO 2012\PROJECTS\SERVER\SERVER\DEBUG\VIDEOSERVER.OBJ
D:\VISUAL STUDIO 2012\PROJECTS\SERVER\SERVER\DEBUG\VIDEO.OBJ
D:\VISUAL STUDIO 2012\PROJECTS\SERVER\DEBUG\SERVER.ILK
D:\VISUAL STUDIO 2012\PROJECTS\SERVER\DEBUG\SERVER.EXE
D:\VISUAL STUDIO 2012\PROJECTS\SERVER\DEBUG\SERVER.PDB
D:\VISUAL STUDIO 2012\PROJECTS\SERVER\SERVER\DEBUG\SERVER.RES
D:\visual studio 2012\Projects\Server\Server\Debug\Server.obj
D:\visual studio 2012\Projects\Server\Server\Debug\ServerDlg.obj
D:\visual studio 2012\Projects\Server\Server\Debug\stdafx.obj
D:\visual studio 2012\Projects\Server\Server\Debug\Video.obj
D:\visual studio 2012\Projects\Server\Server\Debug\VideoServer.obj
D:\visual studio 2012\Projects\Server\Server\Debug\cl.command.1.tlog
D:\visual studio 2012\Projects\Server\Server\Debug\CL.read.1.tlog
D:\visual studio 2012\Projects\Server\Server\Debug\CL.write.1.tlog
D:\visual studio 2012\Projects\Server\Server\Debug\link-cvtres.read.1.tlog
D:\visual studio 2012\Projects\Server\Server\Debug\link-cvtres.write.1.tlog
D:\visual studio 2012\Projects\Server\Server\Debug\link-mt.read.1.tlog
D:\visual studio 2012\Projects\Server\Server\Debug\link-mt.write.1.tlog
D:\visual studio 2012\Projects\Server\Server\Debug\link-rc.read.1.tlog
D:\visual studio 2012\Projects\Server\Server\Debug\link-rc.write.1.tlog
D:\visual studio 2012\Projects\Server\Server\Debug\link.8580-cvtres.read.1.tlog
D:\visual studio 2012\Projects\Server\Server\Debug\link.8580-cvtres.write.1.tlog
D:\visual studio 2012\Projects\Server\Server\Debug\link.8580-mt.read.1.tlog
D:\visual studio 2012\Projects\Server\Server\Debug\link.8580-mt.write.1.tlog
D:\visual studio 2012\Projects\Server\Server\Debug\link.8580-rc.read.1.tlog
D:\visual studio 2012\Projects\Server\Server\Debug\link.8580-rc.write.1.tlog
D:\visual studio 2012\Projects\Server\Server\Debug\link.8580.read.1.tlog
D:\visual studio 2012\Projects\Server\Server\Debug\link.8580.write.1.tlog
D:\visual studio 2012\Projects\Server\Server\Debug\link.command.1.tlog
D:\visual studio 2012\Projects\Server\Server\Debug\link.read.1.tlog
D:\visual studio 2012\Projects\Server\Server\Debug\link.write.1.tlog
D:\visual studio 2012\Projects\Server\Server\Debug\rc.command.1.tlog
D:\visual studio 2012\Projects\Server\Server\Debug\rc.read.1.tlog
D:\visual studio 2012\Projects\Server\Server\Debug\rc.write.1.tlog
D:\visual studio 2012\Projects\Server\Server\Debug\Server.res
D:\visual studio 2012\Projects\Server\Server\Debug\Server.pch
D:\visual studio 2012\Projects\Server\Server\Debug\vc110.idb
D:\visual studio 2012\Projects\Server\Server\Debug\vc110.pdb
D:\visual studio 2012\Projects\Server\Debug\Server.pdb
D:\visual studio 2012\Projects\Server\Debug\Server.exe
D:\visual studio 2012\Projects\Server\Debug\Server.ilk
